2025-03-18 08:58:55,249 INFO o.h.v.i.u.Version [background-preinit] HV000001: Hibernate Validator 8.0.1.Final
2025-03-18 08:58:55,564 INFO o.s.d.r.c.RepositoryConfigurationDelegate [main] Bootstrapping Spring Data JPA repositories in DEFAULT mode.
2025-03-18 08:58:55,592 INFO o.s.d.r.c.RepositoryConfigurationDelegate [main] Finished Spring Data repository scanning in 24 ms. Found 8 JPA repository interfaces.
2025-03-18 08:58:55,938 INFO o.s.b.w.e.t.TomcatWebServer [main] Tomcat initialized with port 8080 (http)
2025-03-18 08:58:55,944 INFO o.a.j.l.DirectJDKLog [main] Initializing ProtocolHandler ["http-nio-8080"]
2025-03-18 08:58:55,945 INFO o.a.j.l.DirectJDKLog [main] Starting service [Tomcat]
2025-03-18 08:58:55,945 INFO o.a.j.l.DirectJDKLog [main] Starting Servlet engine: [Apache Tomcat/10.1.19]
2025-03-18 08:58:55,970 INFO o.a.j.l.DirectJDKLog [main] Initializing Spring embedded WebApplicationContext
2025-03-18 08:58:55,971 INFO o.s.b.w.s.c.ServletWebServerApplicationContext [main] Root WebApplicationContext: initialization completed in 690 ms
2025-03-18 08:58:55,995 INFO c.z.h.HikariDataSource [main] HikariPool-1 - Starting...
2025-03-18 08:58:56,104 INFO c.z.h.p.HikariPool [main] HikariPool-1 - Added connection conn0: url=jdbc:h2:mem:superbiblioBD user=APP
2025-03-18 08:58:56,105 INFO c.z.h.HikariDataSource [main] HikariPool-1 - Start completed.
2025-03-18 08:58:56,111 INFO o.s.b.a.h.H2ConsoleAutoConfiguration [main] H2 console available at '/h2-console'. Database available at 'jdbc:h2:mem:superbiblioBD'
2025-03-18 08:58:56,219 INFO o.h.j.i.u.LogHelper [main] HHH000204: Processing PersistenceUnitInfo [name: default]
2025-03-18 08:58:56,250 INFO o.h.Version [main] HHH000412: Hibernate ORM core version 6.4.4.Final
2025-03-18 08:58:56,266 INFO o.h.c.i.RegionFactoryInitiator [main] HHH000026: Second-level cache disabled
2025-03-18 08:58:56,389 INFO o.s.o.j.p.SpringPersistenceUnitInfo [main] No LoadTimeWeaver setup: ignoring JPA class transformer
2025-03-18 08:58:56,918 INFO o.h.e.t.j.p.i.JtaPlatformInitiator [main] HHH000489: No JTA platform available (set 'hibernate.transaction.jta.platform' to enable JTA platform integration)
2025-03-18 08:58:56,920 INFO o.s.o.j.AbstractEntityManagerFactoryBean [main] Initialized JPA EntityManagerFactory for persistence unit 'default'
2025-03-18 08:58:57,444 WARN o.s.b.a.o.j.JpaBaseConfiguration$JpaWebConfiguration [main] spring.jpa.open-in-view is enabled by default. Therefore, database queries may be performed during view rendering. Explicitly configure spring.jpa.open-in-view to disable this warning
2025-03-18 08:58:57,766 INFO o.a.j.l.DirectJDKLog [main] Starting ProtocolHandler ["http-nio-8080"]
2025-03-18 08:58:57,776 INFO o.s.b.w.e.t.TomcatWebServer [main] Tomcat started on port 8080 (http) with context path ''
2025-03-18 09:00:49,939 INFO o.a.j.l.DirectJDKLog [http-nio-8080-exec-2] Initializing Spring DispatcherServlet 'dispatcherServlet'
2025-03-18 09:00:49,939 INFO o.s.w.s.FrameworkServlet [http-nio-8080-exec-2] Initializing Servlet 'dispatcherServlet'
2025-03-18 09:00:49,941 INFO o.s.w.s.FrameworkServlet [http-nio-8080-exec-2] Completed initialization in 1 ms
2025-03-18 09:07:42,618 ERROR c.s.e.GlobalExceptionController [http-nio-8080-exec-8] Une erreur s'est produite: Validation failed for classes [com.superbiblio.model.Auteur] during persist time for groups [jakarta.validation.groups.Default, ]
List of constraint violations:[
	ConstraintViolationImpl{interpolatedMessage='Le nom ne peut pas être vide', propertyPath=nom, rootBeanClass=class com.superbiblio.model.Auteur, messageTemplate='Le nom ne peut pas être vide'}
	ConstraintViolationImpl{interpolatedMessage='Il doit y avoir au moins 2 caractères', propertyPath=nom, rootBeanClass=class com.superbiblio.model.Auteur, messageTemplate='Il doit y avoir au moins 2 caractères'}
]
2025-03-18 09:30:19,654 WARN c.z.h.p.HikariPool$HouseKeeper [HikariPool-1 housekeeper] HikariPool-1 - Thread starvation or clock leap detected (housekeeper delta=2m53s247ms).
2025-03-18 09:36:46,933 WARN c.z.h.p.HikariPool$HouseKeeper [HikariPool-1 housekeeper] HikariPool-1 - Thread starvation or clock leap detected (housekeeper delta=57s258ms).
2025-03-18 09:47:26,253 WARN c.z.h.p.HikariPool$HouseKeeper [HikariPool-1 housekeeper] HikariPool-1 - Thread starvation or clock leap detected (housekeeper delta=2m9s272ms).
2025-03-18 10:04:23,882 WARN c.z.h.p.HikariPool$HouseKeeper [HikariPool-1 housekeeper] HikariPool-1 - Thread starvation or clock leap detected (housekeeper delta=3m27s545ms).
2025-03-18 10:27:44,654 WARN c.z.h.p.HikariPool$HouseKeeper [HikariPool-1 housekeeper] HikariPool-1 - Thread starvation or clock leap detected (housekeeper delta=1m17s258ms).
2025-03-18 10:40:11,635 WARN c.z.h.p.HikariPool$HouseKeeper [HikariPool-1 housekeeper] HikariPool-1 - Thread starvation or clock leap detected (housekeeper delta=2m26s887ms).
2025-03-18 10:40:45,803 ERROR c.s.e.GlobalExceptionController [http-nio-8080-exec-1] Une erreur s'est produite: No static resource favicon.ico.
2025-03-18 10:41:24,722 ERROR c.s.e.GlobalExceptionController [http-nio-8080-exec-2] Une erreur s'est produite: No static resource favicon.ico.
2025-03-18 10:57:13,828 WARN c.z.h.p.HikariPool$HouseKeeper [HikariPool-1 housekeeper] HikariPool-1 - Thread starvation or clock leap detected (housekeeper delta=1m52s362ms).
2025-03-18 11:18:07,858 WARN c.z.h.p.HikariPool$HouseKeeper [HikariPool-1 housekeeper] HikariPool-1 - Thread starvation or clock leap detected (housekeeper delta=9m53s955ms).
2025-03-18 11:26:33,284 WARN c.z.h.p.HikariPool$HouseKeeper [HikariPool-1 housekeeper] HikariPool-1 - Thread starvation or clock leap detected (housekeeper delta=8m25s428ms).
2025-03-18 11:36:06,709 WARN c.z.h.p.HikariPool$HouseKeeper [HikariPool-1 housekeeper] HikariPool-1 - Thread starvation or clock leap detected (housekeeper delta=6m33s412ms).
2025-03-18 12:07:09,819 WARN c.z.h.p.HikariPool$HouseKeeper [HikariPool-1 housekeeper] HikariPool-1 - Thread starvation or clock leap detected (housekeeper delta=2m27s174ms).
2025-03-18 12:10:39,236 WARN c.z.h.p.HikariPool$HouseKeeper [HikariPool-1 housekeeper] HikariPool-1 - Thread starvation or clock leap detected (housekeeper delta=3m29s417ms).
2025-03-18 12:26:36,506 WARN c.z.h.p.HikariPool$HouseKeeper [HikariPool-1 housekeeper] HikariPool-1 - Thread starvation or clock leap detected (housekeeper delta=15m27s264ms).
2025-03-18 12:29:09,034 WARN c.z.h.p.HikariPool$HouseKeeper [HikariPool-1 housekeeper] HikariPool-1 - Thread starvation or clock leap detected (housekeeper delta=1m32s514ms).
2025-03-18 13:02:06,840 INFO o.s.o.j.AbstractEntityManagerFactoryBean [SpringApplicationShutdownHook] Closing JPA EntityManagerFactory for persistence unit 'default'
2025-03-18 13:02:06,845 INFO c.z.h.HikariDataSource [SpringApplicationShutdownHook] HikariPool-1 - Shutdown initiated...
2025-03-18 13:02:06,847 INFO c.z.h.HikariDataSource [SpringApplicationShutdownHook] HikariPool-1 - Shutdown completed.
